<?xml version="1.0" encoding="UTF-8"?>
<testsuite name="Tp" tests="1" skipped="0" failures="0" errors="0" timestamp="2018-07-12T12:08:15" hostname="WINIB-P46MQVLBU" time="15.667">
  <properties/>
  <testcase name="test" classname="Tp" time="15.667"/>
  <system-out><![CDATA[]]></system-out>
  <system-err><![CDATA[Starting ChromeDriver 2.40.565498 (ea082db3280dd6843ebfb08a625e3eb905c4f5ab) on port 22685
Only local connections are allowed.
juil. 12, 2018 2:08:18 PM org.openqa.selenium.remote.ProtocolHandshake createSession
INFOS: Detected dialect: OSS
]]></system-err>
</testsuite>
